make all --print-data-base --no-builtin-variables --no-builtin-rules --question
# GNU Make 3.81
# Copyright (C) 2006  Free Software Foundation, Inc.
# This is free software; see the source for copying conditions.
# There is NO warranty; not even for MERCHANTABILITY or FITNESS FOR A
# PARTICULAR PURPOSE.

# This program built for i386-apple-darwin11.3.0
 
make: *** No rule to make target `all'.  Stop.


# Make data base, printed on Tue May  3 03:43:27 2022

# Variables

# automatic
<D = $(patsubst %/,%,$(dir $<))
# automatic
?F = $(notdir $?)
# environment
VSCODE_LOG_NATIVE = false
# automatic
?D = $(patsubst %/,%,$(dir $?))
# environment
CPPFLAGS = -I/usr/local/opt/llvm/include
# environment
PLATFORMIO_IDE = 2.4.3
# automatic
@D = $(patsubst %/,%,$(dir $@))
# automatic
@F = $(notdir $@)
# makefile
CURDIR := /Users/jonahym/Documents/college/304/ECE304-2022-Build2
# makefile
SHELL = /bin/sh
# environment
VSCODE_NLS_CONFIG = {"locale":"en-us","availableLanguages":{},"_languagePackSupport":true}
# environment
_ = /usr/bin/make
# makefile (from `makefile', line 1)
MAKEFILE_LIST :=  makefile
# environment
VSCODE_VERBOSE_LOGGING = true
# environment
__CFBundleIdentifier = com.microsoft.VSCode
# environment
VSCODE_IPC_HOOK_EXTHOST = /var/folders/z1/91g4x4mn6xn2c7b9p_3l5jg80000gn/T/vscode-ipc-cd409942-0738-4240-a97e-0f0497d9f1e3.sock
# environment
VSCODE_CWD = /
# makefile (from `makefile', line 11)
 
CLOCKSPEED = 16000000	
# environment
NO_PROXY = 127.0.0.1
# makefile (from `makefile', line 9)
SOURCEFILE = src/*.c libs/*.c
# environment
VSCODE_LOG_STACK = false
# environment
ELECTRON_RUN_AS_NODE = 1
# environment
LDFLAGS = -L/usr/local/opt/llvm/lib
# default
.FEATURES := target-specific order-only second-expansion else-if archives jobserver check-symlink
# environment
SSH_AUTH_SOCK = /private/tmp/com.apple.launchd.vYyICqkztv/Listeners
# automatic
%F = $(notdir $%)
# environment
TTY = not a tty
# environment
VSCODE_PIPE_LOGGING = true
# environment
FIG_PID = 9556
# environment
PWD = /Users/jonahym/Documents/college/304/ECE304-2022-Build2
# makefile (from `makefile', line 13)
PROGRAMMER = usbtiny
# environment
ORIGINAL_XDG_CURRENT_DESKTOP = undefined
# environment
VSCODE_AMD_ENTRYPOINT = vs/workbench/api/node/extensionHostProcess
# environment
HOME = /Users/jonahym
# default
MAKEFILEPATH := /Applications/Xcode.app/Contents/Developer/Makefiles
# environment
VSCODE_CODE_CACHE_PATH = /Users/jonahym/Library/Application Support/Code/CachedData/dfd34e8260c270da74b5c2d86d61aee4b6d56977
# environment
LOGNAME = jonahym
# environment
APPLICATION_INSIGHTS_NO_DIAGNOSTIC_CHANNEL = true
# environment
VSCODE_HANDLES_UNCAUGHT_ERRORS = true
# automatic
^D = $(patsubst %/,%,$(dir $^))
# environment
PLATFORMIO_PATH = /Users/jonahym/.platformio/penv/bin:/Users/jonahym/.platformio/penv:/Users/jonahym/.platformio/python3/bin:/usr/local/opt/qt/bin:/usr/local/opt/llvm/bin:/usr/local/opt/llvm/bin:/Users/jonahym/.cargo/bin:/Library/Frameworks/Python.framework/Versions/3.10/bin:/Applications/Xcode.app/Contents/Developer/Toolchains/XcodeDefault.xctoolchain/usr/bin:/usr/local/ece304/bin:/usr/local/ece304/avr/bin:/Users/jonahym/tools:/usr/local/bin:/usr/local/bin:/usr/bin:/bin:/usr/sbin:/sbin:/Library/TeX/texbin:/Library/Apple/usr/bin:/Users/jonahym/.fig/bin:/Users/jonahym/.local/bin:/usr/local/gcc_avr/avr8-gnu-toolchain-darwin_x86_64/bin:/tools:/Users/jonahym/Documents/flutter_dev/bins/flutter/bin:/Applications/SEGGER/JLink_V682g:/Users/jonahym/bin:/usr/local/bin:/Users/jonahym/Library/Python/3.8/bin/:/usr/local/xtensa-esp32s2-elf/bin:/usr/local/gcc_sifive/bin:/usr/local/opt/ncurses/bin
# default
MAKE = $(MAKE_COMMAND)
# default
MAKECMDGOALS := all
# environment
PATH = /usr/local/opt/qt/bin:/usr/local/opt/llvm/bin:/usr/local/opt/llvm/bin:/Users/jonahym/.cargo/bin:/Library/Frameworks/Python.framework/Versions/3.10/bin:/Applications/Xcode.app/Contents/Developer/Toolchains/XcodeDefault.xctoolchain/usr/bin:/usr/local/ece304/bin:/usr/local/ece304/avr/bin:/Users/jonahym/tools:/usr/local/bin:/usr/local/bin:/usr/bin:/bin:/usr/sbin:/sbin:/Library/TeX/texbin:/Library/Apple/usr/bin:/Users/jonahym/.fig/bin:/Users/jonahym/.local/bin:/usr/local/gcc_avr/avr8-gnu-toolchain-darwin_x86_64/bin:/tools:/Users/jonahym/Documents/flutter_dev/bins/flutter/bin:/Applications/SEGGER/JLink_V682g:/Users/jonahym/bin:/usr/local/bin:/Users/jonahym/Library/Python/3.8/bin/:/usr/local/xtensa-esp32s2-elf/bin:/usr/local/gcc_sifive/bin:/usr/local/opt/ncurses/bin
# environment
SHLVL = 1
# environment
XPC_FLAGS = 0x0
# default
MAKE_VERSION := 3.81
# environment
USER = jonahym
# makefile
.DEFAULT_GOAL := build
# automatic
%D = $(patsubst %/,%,$(dir $%))
# default
MAKE_COMMAND := /Applications/Xcode.app/Contents/Developer/usr/bin/make
# default
.VARIABLES := 
# environment
TMPDIR = /var/folders/z1/91g4x4mn6xn2c7b9p_3l5jg80000gn/T/
# automatic
*F = $(notdir $*)
# environment
VSCODE_IPC_HOOK = /Users/jonahym/Library/Application Support/Code/1.66.2-main.sock
# makefile
MAKEFLAGS = Rrqp
# environment
MFLAGS = -Rrqp
# automatic
*D = $(patsubst %/,%,$(dir $*))
# environment
XPC_SERVICE_NAME = application.com.microsoft.VSCode.12970051682.12970051688
# automatic
+D = $(patsubst %/,%,$(dir $+))
# automatic
+F = $(notdir $+)
# environment
__CF_USER_TEXT_ENCODING = 0x1F5:0x0:0x0
# environment
COMMAND_MODE = unix2003
# default
MAKEFILES := 
# environment
MYPY_CACHE_DIR = /tmp/mypy/cache/
# automatic
<F = $(notdir $<)
# environment
PLATFORMIO_CALLER = vscode
# environment
EDITOR = /usr/bin/vim
# environment
LC_ALL = C
# automatic
^F = $(notdir $^)
# default
SUFFIXES := 
 
# default
.INCLUDE_DIRS = /usr/local/include
# environment
MAKELEVEL := 0
# environment
LANG = C
# environment
VSCODE_PID = 9549
# variable set hash-table stats:
# Load=75/1024=7%, Rehash=0, Collisions=6/99=6%

# Pattern-specific Variable Values

# No pattern-specific variable values.

# Directories

# . (device 16777220, inode 12973994498): 17 files, no impossibilities.

# 17 files, no impossibilities in 1 directories.

# Implicit Rules

# No implicit rules.

# Files

main.elf:
#  Implicit rule search has not been done.
#  Modification time never checked.
#  File has not been updated.
#  commands to execute (from `makefile', line 22):
	avr-gcc -Ilibs -Werror -Wno-main -O3 -DF_CPU=$(CLOCKSPEED) -mmcu=atmega328p -o main.elf $(SOURCEFILE)
	

erase:
#  Implicit rule search has not been done.
#  Modification time never checked.
#  File has not been updated.
#  commands to execute (from `makefile', line 29):
	avrdude -c $(PROGRAMMER) -p atmega328p -e -C avrdude.conf
	

# Not a target:
all:
#  Command-line target.
#  Implicit rule search has been done.
#  File does not exist.
#  File has not been updated.
# variable set hash-table stats:
# Load=0/32=0%, Rehash=0, Collisions=0/0=0%

# Not a target:
.SUFFIXES:
#  Implicit rule search has not been done.
#  Modification time never checked.
#  File has not been updated.

# Not a target:
makefile:
#  Implicit rule search has been done.
#  Last modified 2022-05-03 03:43:21
#  File has been updated.
#  Successfully updated.
# variable set hash-table stats:
# Load=0/32=0%, Rehash=0, Collisions=0/0=0%

build: clean main.hex
#  Implicit rule search has not been done.
#  Modification time never checked.
#  File has not been updated.

# Not a target:
.DEFAULT:
#  Implicit rule search has not been done.
#  Modification time never checked.
#  File has not been updated.

clean:
#  Implicit rule search has not been done.
#  Modification time never checked.
#  File has not been updated.
#  commands to execute (from `makefile', line 32):
	- rm -f main.hex main.elf
	

flash: build
#  Implicit rule search has not been done.
#  Modification time never checked.
#  File has not been updated.
#  commands to execute (from `makefile', line 26):
	avrdude -c $(PROGRAMMER) -p atmega328p -U flash:w:main.hex:i -C avrdude.conf
	

main.hex: clean main.elf
#  Implicit rule search has not been done.
#  Modification time never checked.
#  File has not been updated.
#  commands to execute (from `makefile', line 18):
	avr-objcopy -j .text -j .data -O ihex main.elf main.hex
	avr-size --format=avr --mcu=atmega328p main.elf
	

# files hash-table stats:
# Load=10/1024=1%, Rehash=0, Collisions=0/27=0%
# VPATH Search Paths

# No `vpath' search paths.

# No general (`VPATH' variable) search path.

# # of strings in strcache: 1
# # of strcache buffers: 1
# strcache size: total = 4096 / max = 4096 / min = 4096 / avg = 4096
# strcache free: total = 4087 / max = 4087 / min = 4087 / avg = 4087

# Finished Make data base on Tue May  3 03:43:27 2022

 
